\BOOKMARK [1][-]{section*.1}{\376\377\000E\000d\000i\000t\000e\000\040\000e\000s\000s\000e\000\040\000l\000i\000v\000r\000o\000!\000\040\000;\000\051}{}% 1
\BOOKMARK [2][-]{section*.2}{\376\377\000C\000r\000\351\000d\000i\000t\000o\000s}{section*.1}% 2
\BOOKMARK [2][-]{section*.3}{\376\377\000C\000o\000n\000j\000u\000n\000t\000o\000s\000\040\000d\000e\000\040\000d\000a\000d\000o\000s}{section*.1}% 3
\BOOKMARK [1][-]{section*.4}{\376\377\000I\000n\000t\000r\000o\000d\000u\000\347\000\343\000o\000\040\000s\000u\000a\000v\000e\000\040\000a\000\040\000c\000o\000n\000c\000e\000i\000t\000o\000s\000\040\000d\000e\000\040\000G\000I\000S}{}% 4
\BOOKMARK [2][-]{section*.5}{\376\377\000M\000a\000p\000a\000s\000\040\000e\000\040\000c\000o\000o\000r\000d\000e\000n\000a\000d\000a\000s}{section*.4}% 5
\BOOKMARK [2][-]{section*.6}{\376\377\000P\000r\000o\000j\000e\000\347\000\365\000e\000s\000\040\000c\000a\000r\000t\000o\000g\000r\000\341\000f\000i\000c\000a\000s}{section*.4}% 6
\BOOKMARK [2][-]{section*.7}{\376\377\000S\000i\000s\000t\000e\000m\000a\000s\000\040\000d\000e\000\040\000r\000e\000f\000e\000r\000\352\000n\000c\000i\000a\000\040\000d\000e\000\040\000c\000o\000o\000r\000d\000e\000n\000a\000d\000a\000s}{section*.4}% 7
\BOOKMARK [3][-]{section*.8}{\376\377\000Q\000u\000i\000z}{section*.7}% 8
\BOOKMARK [2][-]{section*.9}{\376\377\000T\000i\000p\000o\000s\000\040\000d\000e\000\040\000d\000a\000d\000o\000s\000\040\000e\000s\000p\000a\000c\000i\000a\000i\000s}{section*.4}% 9
\BOOKMARK [3][-]{section*.10}{\376\377\000D\000a\000d\000o\000s\000\040\000r\000a\000s\000t\000e\000r}{section*.9}% 10
\BOOKMARK [3][-]{section*.11}{\376\377\000D\000a\000d\000o\000s\000\040\000v\000e\000t\000o\000r\000i\000a\000i\000s}{section*.9}% 11
\BOOKMARK [3][-]{section*.12}{\376\377\000Q\000u\000i\000z}{section*.9}% 12
\BOOKMARK [2][-]{section*.13}{\376\377\000S\000I\000G}{section*.4}% 13
\BOOKMARK [3][-]{section*.14}{\376\377\000Q\000u\000i\000z}{section*.13}% 14
\BOOKMARK [2][-]{section*.15}{\376\377\000F\000O\000S\000S\0004\000G}{section*.4}% 15
\BOOKMARK [3][-]{section*.16}{\376\377\000S\000o\000f\000t\000w\000a\000r\000e\000\040\000g\000r\000\341\000t\000i\000s}{section*.15}% 16
\BOOKMARK [3][-]{section*.17}{\376\377\000C\000\363\000d\000i\000g\000o\000\040\000a\000b\000e\000r\000t\000o}{section*.15}% 17
\BOOKMARK [3][-]{section*.18}{\376\377\000O\000S\000G\000e\000o}{section*.15}% 18
\BOOKMARK [2][-]{section*.19}{\376\377\000S\000e\000\040\000v\000o\000c\000\352\000\040\000q\000u\000i\000s\000e\000r\000\040\000i\000r\000\040\000m\000a\000i\000s\000\040\000l\000o\000n\000g\000e}{section*.4}% 19
\BOOKMARK [1][-]{section*.20}{\376\377\000I\000n\000t\000r\000o\000d\000u\000\347\000\343\000o\000\040\000a\000o\000\040\000Q\000G\000I\000S}{}% 20
\BOOKMARK [2][-]{section*.21}{\376\377\000I\000n\000t\000r\000o\000d\000u\000\347\000\343\000o\000\040\000a\000o\000\040\000Q\000G\000I\000S\000\040\000e\000\040\000\340\000\040\000i\000n\000t\000e\000r\000f\000a\000c\000e\000\040\000d\000o\000\040\000Q\000G\000I\000S}{section*.20}% 21
\BOOKMARK [3][-]{section*.22}{\376\377\000O\000\040\000q\000u\000e\000\040\000\351\000\040\000o\000\040\000Q\000G\000I\000S}{section*.21}% 22
\BOOKMARK [3][-]{section*.23}{\376\377\000C\000i\000c\000l\000o\000\040\000d\000e\000\040\000l\000a\000n\000\347\000a\000m\000e\000n\000t\000o\000\040\000e\000\040\000v\000e\000r\000s\000\365\000e\000s}{section*.21}% 23
\BOOKMARK [3][-]{section*.24}{\376\377\000E\000x\000e\000m\000p\000l\000o\000s\000\040\000d\000e\000\040\000m\000a\000p\000a\000s\000\040\000Q\000G\000I\000S}{section*.21}% 24
\BOOKMARK [2][-]{section*.25}{\376\377\000I\000n\000s\000t\000a\000l\000a\000n\000d\000o\000\040\000o\000\040\000Q\000G\000I\000S}{section*.20}% 25
\BOOKMARK [3][-]{section*.26}{\376\377\000P\000a\000r\000t\000e\000s\000\040\000d\000a\000\040\000i\000n\000t\000e\000r\000f\000a\000c\000e\000\040\000d\000o\000\040\000Q\000G\000I\000S}{section*.25}% 26
\BOOKMARK [3][-]{section*.27}{\376\377\000T\000u\000t\000o\000r\000i\000a\000l\000/\000E\000x\000e\000r\000c\000\355\000c\000i\000o\000:\000\040\000M\000u\000d\000a\000n\000d\000o\000\040\000a\000\040\000a\000p\000a\000r\000\352\000n\000c\000i\000a\000\040\000e\000\040\000l\000a\000y\000o\000u\000t\000\040\000d\000a\000\040\000i\000n\000t\000e\000r\000f\000a\000c\000e\000\040\000Q\000G\000I\000S}{section*.25}% 27
\BOOKMARK [3][-]{section*.28}{\376\377\000Q\000u\000i\000z}{section*.25}% 28
\BOOKMARK [2][-]{section*.29}{\376\377\000C\000o\000m\000p\000l\000e\000m\000e\000n\000t\000o\000s\000\040\000Q\000G\000I\000S}{section*.20}% 29
\BOOKMARK [3][-]{section*.30}{\376\377\000T\000u\000t\000o\000r\000i\000a\000l\000/\000E\000x\000e\000r\000c\000\355\000c\000i\000o\000:\000\040\000I\000n\000s\000t\000a\000l\000a\000n\000d\000o\000\040\000u\000m\000\040\000c\000o\000m\000p\000l\000e\000m\000e\000n\000t\000o\000\040\000Q\000G\000I\000S}{section*.29}% 30
\BOOKMARK [3][-]{section*.31}{\376\377\000Q\000u\000i\000z}{section*.29}% 31
\BOOKMARK [2][-]{section*.32}{\376\377\000C\000o\000n\000f\000i\000g\000u\000r\000a\000\347\000\365\000e\000s\000\040\000Q\000G\000I\000S}{section*.20}% 32
\BOOKMARK [3][-]{section*.33}{\376\377\000T\000u\000t\000o\000r\000i\000a\000l\000/\000E\000x\000e\000r\000c\000\355\000c\000i\000o\000:\000\040\000C\000r\000i\000a\000n\000d\000o\000\040\000u\000m\000\040\000p\000e\000r\000f\000i\000l\000\040\000d\000e\000\040\000u\000s\000u\000\341\000r\000i\000o}{section*.32}% 33
\BOOKMARK [3][-]{section*.34}{\376\377\000Q\000u\000i\000z}{section*.32}% 34
\BOOKMARK [2][-]{section*.35}{\376\377\000F\000o\000r\000m\000a\000t\000o\000s\000\040\000d\000e\000\040\000a\000r\000q\000u\000i\000v\000o\000\040\000d\000o\000\040\000Q\000G\000I\000S}{section*.20}% 35
\BOOKMARK [3][-]{section*.36}{\376\377\000A\000r\000q\000u\000i\000v\000o\000\040\000d\000e\000\040\000p\000r\000o\000j\000e\000t\000o\000\040\000Q\000G\000I\000S\000\040\000\050\000Q\000G\000S\000\040\000/\000\040\000Q\000G\000Z\000\051}{section*.35}% 36
\BOOKMARK [3][-]{section*.37}{\376\377\000D\000e\000f\000i\000n\000i\000\347\000\343\000o\000\040\000d\000a\000\040\000c\000a\000m\000a\000d\000a\000\040\000Q\000G\000I\000S\000\040\000\050\000Q\000L\000R\000\051}{section*.35}% 37
\BOOKMARK [3][-]{section*.38}{\376\377\000A\000r\000q\000u\000i\000v\000o\000\040\000d\000e\000\040\000e\000s\000t\000i\000l\000o\000\040\000Q\000G\000I\000S\000\040\000\050\000Q\000M\000L\000\051}{section*.35}% 38
\BOOKMARK [2][-]{section*.39}{\376\377\000S\000e\000\040\000v\000o\000c\000\352\000\040\000q\000u\000i\000s\000e\000r\000\040\000i\000r\000\040\000m\000a\000i\000s\000\040\000l\000o\000n\000g\000e}{section*.20}% 39
\BOOKMARK [3][-]{section*.40}{\376\377\000P\000a\000r\000a\000\040\000p\000r\000a\000t\000i\000c\000a\000r\000\040\000s\000u\000a\000s\000\040\000n\000o\000v\000a\000s\000\040\000h\000a\000b\000i\000l\000i\000d\000a\000d\000e\000s\000,\000\040\000t\000e\000n\000t\000e\040\046}{section*.39}% 40
\BOOKMARK [1][-]{section*.41}{\376\377\000C\000a\000m\000a\000d\000a\000s\000\040\000n\000o\000\040\000Q\000G\000I\000S}{}% 41
\BOOKMARK [2][-]{section*.42}{\376\377\000T\000i\000p\000o\000s\000\040\000d\000e\000\040\000d\000a\000d\000o\000s\000,\000\040\000f\000o\000r\000m\000a\000t\000o\000s\000\040\000d\000e\000\040\000a\000r\000q\000u\000i\000v\000o\000,\000\040\000o\000\040\000p\000a\000i\000n\000e\000l\000\040\000d\000o\000\040\000n\000a\000v\000e\000g\000a\000d\000o\000r\000\040\000e\000\040\000o\000\040\000p\000a\000i\000n\000e\000l\000\040\000d\000e\000\040\000c\000a\000m\000a\000d\000a\000s}{section*.41}% 42
\BOOKMARK [3][-]{section*.43}{\376\377\000T\000i\000p\000o\000s\000\040\000d\000e\000\040\000d\000a\000d\000o\000s\000\040\000e\000\040\000f\000o\000r\000m\000a\000t\000o\000s\000\040\000d\000e\000\040\000a\000r\000q\000u\000i\000v\000o\000\040\000c\000o\000m\000u\000n\000s}{section*.42}% 43
\BOOKMARK [3][-]{section*.44}{\376\377\000T\000i\000p\000o\000s\000\040\000d\000e\000\040\000f\000o\000n\000t\000e\000s\000\040\000d\000e\000\040\000d\000a\000d\000o\000s}{section*.42}% 44
\BOOKMARK [3][-]{section*.45}{\376\377\000C\000a\000r\000r\000e\000g\000a\000n\000d\000o\000\040\000c\000a\000m\000a\000d\000a\000s\000\040\000n\000o\000\040\000Q\000G\000I\000S}{section*.42}% 45
\BOOKMARK [3][-]{section*.46}{\376\377\000O\000\040\000p\000a\000i\000n\000e\000l\000\040\000d\000o\000\040\000n\000a\000v\000e\000g\000a\000d\000o\000r}{section*.42}% 46
\BOOKMARK [3][-]{section*.48}{\376\377\000O\000\040\000p\000a\000i\000n\000e\000l\000\040\000d\000e\000\040\000c\000a\000m\000a\000d\000a\000s}{section*.42}% 47
\BOOKMARK [2][-]{section*.49}{\376\377\000P\000r\000o\000p\000r\000i\000e\000d\000a\000d\000e\000s\000\040\000d\000a\000\040\000c\000a\000m\000a\000d\000a}{section*.41}% 48
\BOOKMARK [2][-]{section*.50}{\376\377\000M\000e\000t\000a\000d\000a\000d\000o\000s\000\040\000g\000e\000o\000e\000s\000p\000a\000c\000i\000a\000i\000s}{section*.41}% 49
\BOOKMARK [3][-]{section*.51}{\376\377\000T\000u\000t\000o\000r\000i\000a\000l\000/\000E\000x\000e\000r\000c\000\355\000c\000i\000o\000:\000\040\000A\000d\000i\000c\000i\000o\000n\000a\000n\000d\000o\000\040\000m\000e\000t\000a\000d\000a\000d\000o\000s}{section*.50}% 50
\BOOKMARK [3][-]{section*.52}{\376\377\000Q\000u\000i\000z}{section*.50}% 51
\BOOKMARK [2][-]{section*.53}{\376\377\000O\000\040\000g\000e\000r\000e\000n\000c\000i\000a\000d\000o\000r\000\040\000d\000e\000\040\000f\000o\000n\000t\000e\000\040\000d\000e\000\040\000d\000a\000d\000o\000s\000\040\000e\000\040\000c\000o\000n\000e\000x\000\343\000o\000\040\000c\000o\000m\000\040\000s\000e\000r\000v\000i\000\347\000o\000s\000\040\000r\000e\000m\000o\000t\000o\000s}{section*.41}% 52
\BOOKMARK [3][-]{section*.54}{\376\377\000O\000\040\000g\000e\000r\000e\000n\000c\000i\000a\000d\000o\000r\000\040\000d\000e\000\040\000f\000o\000n\000t\000e\000\040\000d\000e\000\040\000d\000a\000d\000o\000s}{section*.53}% 53
\BOOKMARK [3][-]{section*.56}{\376\377\000C\000o\000n\000e\000c\000t\000a\000n\000d\000o\000\040\000Q\000G\000I\000S\000\040\000a\000\040\000s\000e\000r\000v\000i\000\347\000o\000s\000\040\000r\000e\000m\000o\000t\000o\000s}{section*.53}% 54
\BOOKMARK [3][-]{section*.59}{\376\377\000Q\000u\000i\000z}{section*.53}% 55
\BOOKMARK [2][-]{section*.60}{\376\377\000E\000x\000p\000o\000r\000t\000a\000n\000d\000o\000\040\000c\000a\000m\000a\000d\000a\000s\000,\000\040\000c\000a\000m\000a\000d\000a\000s\000\040\000n\000a\000\040\000m\000e\000m\000\363\000r\000i\000a\000\040\000\050\000t\000e\000m\000p\000o\000r\000\341\000r\000i\000a\000s\000\051\000\040\000e\000\040\000c\000a\000m\000a\000d\000a\000s\000\040\000v\000i\000r\000t\000u\000a\000i\000s}{section*.41}% 56
\BOOKMARK [3][-]{section*.61}{\376\377\000E\000x\000p\000o\000r\000t\000a\000n\000d\000o\000\040\000c\000a\000m\000a\000d\000a\000s\000\040\000d\000o\000\040\000Q\000G\000I\000S}{section*.60}% 57
\BOOKMARK [3][-]{section*.62}{\376\377\000C\000a\000m\000a\000d\000a\000s\000\040\000n\000a\000\040\000m\000e\000m\000\363\000r\000i\000a}{section*.60}% 58
\BOOKMARK [3][-]{section*.63}{\376\377\000C\000a\000m\000a\000d\000a\000s\000\040\000v\000i\000r\000t\000u\000a\000i\000s}{section*.60}% 59
\BOOKMARK [3][-]{section*.64}{\376\377\000Q\000u\000i\000z}{section*.60}% 60
\BOOKMARK [3][-]{section*.65}{\376\377\000S\000e\000\040\000v\000o\000c\000\352\000\040\000q\000u\000i\000s\000e\000r\000\040\000i\000r\000\040\000m\000a\000i\000s\000\040\000l\000o\000n\000g\000e}{section*.60}% 61
\BOOKMARK [3][-]{section*.68}{\376\377\000E\000x\000e\000r\000c\000\355\000c\000i\000o\000/\000T\000u\000t\000o\000r\000i\000a\000l\000:\000\040\000C\000a\000m\000a\000d\000a\000s\000\040\000v\000i\000r\000t\000u\000a\000i\000s}{section*.60}% 62
\BOOKMARK [2][-]{section*.69}{\376\377\000P\000a\000r\000a\000\040\000p\000r\000a\000t\000i\000c\000a\000r\000\040\000s\000u\000a\000s\000\040\000n\000o\000v\000a\000s\000\040\000h\000a\000b\000i\000l\000i\000d\000a\000d\000e\000s\000,\000\040\000t\000e\000n\000t\000e\040\046}{section*.41}% 63
\BOOKMARK [3][-]{section*.70}{\376\377\000C\000a\000r\000r\000e\000g\000a\000r\000\040\000r\000a\000s\000t\000e\000r\000s\000\040\000e\000\040\000v\000e\000t\000o\000r\000e\000s\000\040\000e\000n\000c\000o\000n\000t\000r\000a\000d\000o\000s\000\040\000n\000a\000\040\000i\000n\000t\000e\000r\000n\000e\000t}{section*.69}% 64
\BOOKMARK [3][-]{section*.71}{\376\377\000C\000a\000r\000r\000e\000g\000a\000r\000\040\000u\000m\000a\000\040\000p\000l\000a\000n\000i\000l\000h\000a\000\040\000n\000o\000\040\000Q\000G\000I\000S\000\040\000u\000s\000a\000n\000d\000o\000\040\000o\000\040\000p\000l\000u\000g\000i\000n\000\040\000S\000p\000r\000e\000a\000d\000s\000h\000e\000e\000t\000\040\000L\000a\000y\000e\000r\000s}{section*.69}% 65
\BOOKMARK [3][-]{section*.72}{\376\377\000D\000i\000c\000a\000s}{section*.69}% 66
\BOOKMARK [1][-]{section*.73}{\376\377\000O\000S\000M\000\040\000e\000\040\000a\000\040\000c\000a\000m\000a\000d\000a\000\040\000d\000e\000\040\000a\000s\000s\000e\000n\000t\000a\000m\000e\000n\000t\000o\000s\000\040\000d\000e\000\040\000a\000l\000t\000a\000\040\000r\000e\000s\000o\000l\000u\000\347\000\343\000o}{}% 67
\BOOKMARK [2][-]{section*.74}{\376\377\000D\000a\000d\000o\000s\000\040\000d\000o\000\040\000O\000S\000M}{section*.73}% 68
\BOOKMARK [3][-]{section*.75}{\376\377\000O\000\040\000q\000u\000e\000\040\000\351\000\040\000O\000S\000M\000?}{section*.74}% 69
\BOOKMARK [3][-]{section*.76}{\376\377\000O\000n\000d\000e\000\040\000o\000\040\000O\000S\000M\000\040\000\351\000\040\000u\000s\000a\000d\000o\000?}{section*.74}% 70
\BOOKMARK [3][-]{section*.77}{\376\377\000C\000o\000m\000o\000\040\000o\000\040\000O\000S\000M\000\040\000p\000o\000d\000e\000\040\000s\000e\000r\000\040\000u\000s\000a\000d\000o\000\040\000n\000o\000\040\000Q\000G\000I\000S\000?}{section*.74}% 71
\BOOKMARK [2][-]{section*.80}{\376\377\000O\000s\000\040\000d\000a\000d\000o\000s\000\040\000d\000a\000\040\000c\000a\000m\000a\000d\000a\000\040\000d\000e\000\040\000a\000s\000s\000e\000n\000t\000a\000m\000e\000n\000t\000o\000s\000\040\000d\000e\000\040\000a\000l\000t\000a\000\040\000r\000e\000s\000o\000l\000u\000\347\000\343\000o\000\040\000\050\000H\000R\000S\000L\000\051}{section*.73}% 72
\BOOKMARK [3][-]{section*.81}{\376\377\000O\000\040\000q\000u\000e\000\040\000\351\000\040\000H\000i\000g\000h\000\040\000R\000e\000s\000o\000l\000u\000t\000i\000o\000n\000\040\000S\000e\000t\000t\000l\000e\000m\000e\000n\000t\000\040\000L\000a\000y\000e\000r\000\040\000\050\000H\000R\000S\000L\000\051\000\040\000o\000u\000\040\000c\000a\000m\000a\000d\000a\000\040\000d\000e\000\040\000a\000s\000s\000e\000n\000t\000a\000m\000e\000n\000t\000o\000s\000\040\000d\000e\000\040\000a\000l\000t\000a\000\040\000r\000e\000s\000o\000l\000u\000\347\000\343\000o\000?}{section*.80}% 73
\BOOKMARK [3][-]{section*.82}{\376\377\000C\000a\000s\000o\000s\000\040\000d\000e\000\040\000u\000s\000o\000\040\000d\000o\000\040\000H\000R\000S\000L}{section*.80}% 74
\BOOKMARK [3][-]{section*.85}{\376\377\000S\000e\000\040\000v\000o\000c\000\352\000\040\000q\000u\000i\000s\000e\000r\000\040\000i\000r\000\040\000a\000l\000\351\000m}{section*.80}% 75
\BOOKMARK [2][-]{section*.87}{\376\377\000P\000a\000r\000a\000\040\000p\000r\000a\000t\000i\000c\000a\000r\000\040\000s\000u\000a\000s\000\040\000n\000o\000v\000a\000s\000\040\000h\000a\000b\000i\000l\000i\000d\000a\000d\000e\000s\000,\000\040\000t\000e\000n\000t\000e\040\046}{section*.73}% 76
\BOOKMARK [3][-]{section*.88}{\376\377\000C\000a\000r\000r\000e\000g\000a\000r\000\040\000m\000a\000i\000s\000\040\000r\000e\000c\000u\000r\000s\000o\000s\000\040\000d\000o\000\040\000O\000S\000M\000\040\000u\000s\000a\000n\000d\000o\000\040\000o\000\040\000p\000l\000u\000g\000-\000i\000n\000\040\000Q\000u\000i\000c\000k\000O\000S\000M}{section*.87}% 77
\BOOKMARK [3][-]{section*.89}{\376\377\000D\000i\000c\000a\000s}{section*.87}% 78
\BOOKMARK [1][-]{section*.90}{\376\377\000C\000a\000m\000a\000d\000a\000s\000\040\000d\000e\000\040\000e\000s\000t\000i\000l\000o}{}% 79
\BOOKMARK [2][-]{section*.91}{\376\377\000P\000a\000i\000n\000\351\000i\000s\000,\000\040\000g\000u\000i\000a\000s\000\040\000e\000\040\000t\000i\000p\000o\000s\000\040\000d\000e\000\040\000r\000e\000n\000d\000e\000r\000i\000z\000a\000\347\000\343\000o\000\040\000p\000r\000i\000n\000c\000i\000p\000a\000i\000s}{section*.90}% 80
\BOOKMARK [3][-]{section*.92}{\376\377\000P\000a\000i\000n\000e\000l\000\040\000d\000e\000\040\000e\000s\000t\000i\000l\000o\000\040\000d\000a\000\040\000c\000a\000m\000a\000d\000a}{section*.91}% 81
\BOOKMARK [3][-]{section*.93}{\376\377\000G\000u\000i\000a\000\040\000s\000i\000m\000b\000o\000l\000o\000g\000i\000a\000\040\000n\000a\000s\000\040\000p\000r\000o\000p\000r\000i\000e\000d\000a\000d\000e\000s\000\040\000d\000a\000s\000\040\000c\000a\000m\000a\000d\000a\000s}{section*.91}% 82
\BOOKMARK [3][-]{section*.94}{\376\377\000R\000e\000n\000d\000e\000r\000i\000z\000a\000\347\000\343\000o\000\040\000r\000a\000s\000t\000e\000r\000:\000\040\000r\000e\000n\000d\000e\000r\000i\000z\000a\000\347\000\343\000o\000\040\000d\000e\000\040\000b\000a\000n\000d\000a}{section*.91}% 83
\BOOKMARK [3][-]{section*.95}{\376\377\000R\000e\000n\000d\000e\000r\000i\000z\000a\000\347\000\343\000o\000\040\000d\000e\000\040\000v\000e\000t\000o\000r}{section*.91}% 84
\BOOKMARK [2][-]{section*.96}{\376\377\000R\000a\000s\000t\000e\000r\000\040\000b\000\341\000s\000i\000c\000o\000\040\000e\000\040\000s\000i\000m\000b\000o\000l\000o\000g\000i\000a\000\040\000v\000e\000t\000o\000r\000i\000a\000l}{section*.90}% 85
\BOOKMARK [3][-]{section*.97}{\376\377\000T\000u\000t\000o\000r\000i\000a\000l\000/\000E\000x\000e\000r\000c\000\355\000c\000i\000o\000:\000\040\000R\000e\000n\000d\000e\000r\000i\000z\000a\000\347\000\343\000o\000\040\000v\000e\000t\000o\000r\000i\000a\000l}{section*.96}% 86
\BOOKMARK [3][-]{section*.98}{\376\377\000T\000u\000t\000o\000r\000i\000a\000l\000/\000E\000x\000e\000r\000c\000i\000c\000i\000o\000:\000\040\000R\000e\000n\000d\000e\000r\000i\000z\000a\000\347\000\343\000o\000\040\000r\000a\000s\000t\000e\000r}{section*.96}% 87
\BOOKMARK [2][-]{section*.100}{\376\377\000M\000o\000d\000o\000s\000\040\000d\000e\000\040\000m\000e\000s\000c\000l\000a\000g\000e\000m\000\040\000e\000\040\000e\000f\000e\000i\000t\000o\000s\000\040\000d\000e\000\040\000d\000e\000s\000e\000n\000h\000o}{section*.90}% 88
\BOOKMARK [3][-]{section*.101}{\376\377\000T\000u\000t\000o\000r\000i\000a\000l\000/\000E\000x\000e\000r\000c\000\355\000c\000i\000o}{section*.100}% 89
\BOOKMARK [2][-]{section*.102}{\376\377\000S\000u\000b\000s\000t\000i\000t\000u\000i\000\347\000\365\000e\000s\000\040\000d\000e\000f\000i\000n\000i\000d\000a\000s\000\040\000p\000o\000r\000\040\000d\000a\000d\000o\000s\000\040\000e\000\040\000g\000e\000r\000a\000d\000o\000r\000e\000s\000\040\000d\000e\000\040\000g\000e\000o\000m\000e\000t\000r\000i\000a}{section*.90}% 90
\BOOKMARK [3][-]{section*.103}{\376\377\000T\000u\000t\000o\000r\000i\000a\000l\000/\000E\000x\000e\000r\000c\000\355\000c\000i\000o}{section*.102}% 91
\BOOKMARK [1][-]{section*.104}{\376\377\000F\000a\000z\000e\000n\000d\000o\000\040\000m\000a\000p\000a\000s}{}% 92
\BOOKMARK [2][-]{section*.105}{\376\377\000E\000x\000p\000o\000r\000t\000a\000n\000d\000o\000\040\000a\000\040\000t\000e\000l\000a\000\040\000d\000o\000\040\000m\000a\000p\000a}{section*.104}% 93
\BOOKMARK [3][-]{section*.106}{\376\377\000P\000r\000i\000m\000e\000i\000r\000o\000\040\000m\000\351\000t\000o\000d\000o\000:\000\040\000E\000x\000p\000o\000r\000t\000a\000r\000\040\000a\000\040\000t\000e\000l\000a\000\040\000d\000o\000\040\000m\000a\000p\000a\000\040\000s\000e\000m\000\040\000o\000\040\000l\000a\000y\000o\000u\000t\000\040\000d\000e\000\040\000i\000m\000p\000r\000e\000s\000s\000\343\000o}{section*.105}% 94
\BOOKMARK [3][-]{section*.107}{\376\377\000S\000e\000g\000u\000n\000d\000o\000\040\000m\000\351\000t\000o\000d\000o\000:\000\040\000E\000x\000p\000o\000r\000t\000a\000r\000\040\000a\000\040\000t\000e\000l\000a\000\040\000d\000o\000\040\000m\000a\000p\000a\000\040\000p\000a\000r\000a\000\040\000a\000\040\000i\000m\000p\000r\000e\000s\000s\000\343\000o\000\040\000l\000a\000y\000o\000u\000t}{section*.105}% 95
\BOOKMARK [3][-]{section*.108}{\376\377\000Q\000u\000i\000z}{section*.105}% 96
\BOOKMARK [2][-]{section*.109}{\376\377\000A\000d\000i\000c\000i\000o\000n\000a\000n\000d\000o\000\040\000e\000\040\000e\000d\000i\000t\000a\000n\000d\000o\000\040\000e\000l\000e\000m\000e\000n\000t\000o\000s\000\040\000d\000o\000\040\000m\000a\000p\000a\000\040\000a\000o\000\040\000l\000a\000y\000o\000u\000t\000\040\000d\000e\000\040\000i\000m\000p\000r\000e\000s\000s\000\343\000o}{section*.104}% 97
\BOOKMARK [3][-]{section*.110}{\376\377\000T\000u\000t\000o\000r\000i\000a\000l\000/\000E\000x\000e\000r\000c\000\355\000c\000i\000o}{section*.109}% 98
\BOOKMARK [3][-]{section*.111}{\376\377\000Q\000u\000i\000z}{section*.109}% 99
\BOOKMARK [2][-]{section*.112}{\376\377\000A\000u\000t\000o\000m\000a\000t\000i\000z\000a\000n\000d\000o\000\040\000a\000\040\000c\000r\000i\000a\000\347\000\343\000o\000\040\000d\000e\000\040\000m\000a\000p\000a\000s\000\040\000u\000s\000a\000n\000d\000o\000\040\000o\000s\000\040\000r\000e\000c\000u\000r\000s\000o\000s\000\040\000d\000o\000\040\000A\000t\000l\000a\000s}{section*.104}% 100
\BOOKMARK [3][-]{section*.113}{\376\377\000T\000u\000t\000o\000r\000i\000a\000l\000/\000E\000x\000e\000r\000c\000\355\000c\000i\000o}{section*.112}% 101
\BOOKMARK [1][-]{section*.114}{\376\377\000A\000t\000r\000i\000b\000u\000t\000o\000s\000\040\000d\000a\000\040\000c\000a\000m\000a\000d\000a}{}% 102
\BOOKMARK [2][-]{section*.115}{\376\377\000E\000d\000i\000t\000a\000n\000d\000o\000\040\000a\000t\000r\000i\000b\000u\000t\000o\000s\000\040\000d\000a\000\040\000c\000a\000m\000a\000d\000a}{section*.114}% 103
\BOOKMARK [3][-]{section*.116}{\376\377\000T\000u\000t\000o\000r\000i\000a\000l\000/\000E\000x\000e\000r\000c\000\355\000c\000i\000o}{section*.115}% 104
\BOOKMARK [3][-]{section*.117}{\376\377\000Q\000u\000i\000z}{section*.115}% 105
\BOOKMARK [2][-]{section*.118}{\376\377\000E\000n\000t\000e\000n\000d\000e\000r\000\040\000e\000\040\000t\000r\000a\000b\000a\000l\000h\000a\000r\000\040\000c\000o\000m\000\040\000d\000a\000d\000o\000s\000\040\000d\000e\000\040\000a\000t\000r\000i\000b\000u\000t\000o\000s\000,\000\040\000c\000o\000n\000s\000u\000l\000t\000a\000s\000\040\000e\000\040\000a\000n\000\341\000l\000i\000s\000e\000s}{section*.114}% 106
\BOOKMARK [3][-]{section*.119}{\376\377\000T\000u\000t\000o\000r\000i\000a\000l\000/\000E\000x\000e\000r\000c\000\355\000c\000i\000o}{section*.118}% 107
\BOOKMARK [3][-]{section*.120}{\376\377\000Q\000u\000i\000z}{section*.118}% 108
\BOOKMARK [2][-]{section*.121}{\376\377\000E\000x\000p\000r\000e\000s\000s\000\365\000e\000s\000\040\000d\000e\000\040\000Q\000G\000I\000S\000\040\000a\000v\000a\000n\000\347\000a\000d\000a\000s}{section*.114}% 109
\BOOKMARK [3][-]{section*.122}{\376\377\000T\000u\000t\000o\000r\000i\000a\000l\000/\000E\000x\000e\000r\000c\000\355\000c\000i\000o}{section*.121}% 110
\BOOKMARK [3][-]{section*.123}{\376\377\000Q\000u\000i\000z}{section*.121}% 111
\BOOKMARK [1][-]{section*.124}{\376\377\000C\000r\000i\000a\000n\000d\000o\000\040\000e\000\040\000e\000d\000i\000t\000a\000n\000d\000o\000\040\000c\000a\000m\000a\000d\000a\000s}{}% 112
\BOOKMARK [2][-]{section*.125}{\376\377\000C\000r\000i\000a\000n\000d\000o\000\040\000u\000m\000a\000\040\000n\000o\000v\000a\000\040\000c\000a\000m\000a\000d\000a\000\040\000G\000e\000o\000P\000a\000c\000k\000a\000g\000e\000\040\000o\000u\000\040\000S\000h\000a\000p\000e\000f\000i\000l\000e}{section*.124}% 113
\BOOKMARK [3][-]{section*.126}{\376\377\000C\000r\000i\000a\000n\000d\000o\000\040\000u\000m\000a\000\040\000n\000o\000v\000a\000\040\000c\000a\000m\000a\000d\000a\000\040\000G\000e\000o\000P\000a\000c\000k\000a\000g\000e}{section*.125}% 114
\BOOKMARK [3][-]{section*.127}{\376\377\000C\000r\000i\000a\000n\000d\000o\000\040\000u\000m\000\040\000n\000o\000v\000o\000\040\000S\000h\000a\000p\000e\000f\000i\000l\000e}{section*.125}% 115
\BOOKMARK [2][-]{section*.128}{\376\377\000D\000i\000g\000i\000t\000a\000l\000i\000z\000a\000n\000d\000o\000\040\000u\000m\000a\000\040\000c\000a\000m\000a\000d\000a\000\040\000e\000x\000i\000s\000t\000e\000n\000t\000e}{section*.124}% 116
\BOOKMARK [3][-]{section*.129}{\376\377\000T\000u\000t\000o\000r\000i\000a\000l\000/\000E\000x\000e\000r\000c\000\355\000c\000i\000o}{section*.128}% 117
\BOOKMARK [2][-]{section*.130}{\376\377\000G\000e\000o\000r\000r\000e\000f\000e\000r\000e\000n\000c\000i\000a\000n\000d\000o\000\040\000u\000m\000\040\000m\000a\000p\000a\000\040\000t\000o\000p\000o\000g\000r\000\341\000f\000i\000c\000o}{section*.124}% 118
\BOOKMARK [3][-]{section*.131}{\376\377\000T\000u\000t\000o\000r\000i\000a\000l\000/\000E\000x\000e\000r\000c\000\355\000c\000i\000o}{section*.130}% 119
\BOOKMARK [3][-]{section*.132}{\376\377\000Q\000u\000i\000z}{section*.130}% 120
\BOOKMARK [1][-]{section*.133}{\376\377\000P\000r\000o\000c\000e\000s\000s\000a\000m\000e\000n\000t\000o\000\040\000e\000\040\000a\000n\000\341\000l\000i\000s\000e\000\040\000v\000e\000t\000o\000r\000i\000a\000l}{}% 121
\BOOKMARK [2][-]{section*.134}{\376\377\000O\000\040\000m\000o\000d\000e\000l\000o\000\040\000d\000e\000\040\000d\000a\000d\000o\000s\000\040\000v\000e\000t\000o\000r\000i\000a\000i\000s}{section*.133}% 122
\BOOKMARK [2][-]{section*.135}{\376\377\000M\000e\000t\000a\000d\000a\000d\000o\000s}{section*.133}% 123
\BOOKMARK [2][-]{section*.136}{\376\377\000L\000\363\000g\000i\000c\000a\000\040\000d\000o\000\040\000p\000r\000o\000c\000e\000s\000s\000a\000m\000e\000n\000t\000o\000\040\000v\000e\000t\000o\000r\000i\000a\000l}{section*.133}% 124
\BOOKMARK [2][-]{section*.137}{\376\377\000E\000n\000t\000e\000n\000d\000e\000n\000d\000o\000\040\000s\000e\000u\000s\000\040\000d\000a\000d\000o\000s}{section*.133}% 125
\BOOKMARK [3][-]{section*.138}{\376\377\000E\000t\000a\000p\000a\000\040\0001\000:\000\040\000P\000r\000e\000p\000a\000r\000e\000\040\000s\000e\000u\000\040\000a\000m\000b\000i\000e\000n\000t\000e\000\040\000d\000e\000\040\000t\000r\000a\000b\000a\000l\000h\000o}{section*.137}% 126
\BOOKMARK [3][-]{section*.139}{\376\377\000E\000t\000a\000p\000a\000\040\0002\000:\000\040\000E\000n\000t\000e\000n\000d\000a\000\040\000o\000\040\000q\000u\000e\000\040\000v\000o\000c\000\352\000\040\000e\000s\000t\000\341\000\040\000o\000l\000h\000a\000n\000d\000o}{section*.137}% 127
\BOOKMARK [3][-]{section*.140}{\376\377\000E\000t\000a\000p\000a\000\040\0003\000:\000\040\000V\000e\000r\000i\000f\000i\000c\000a\000\347\000\365\000e\000s\000\040\000b\000\341\000s\000i\000c\000a\000s\000\040\000p\000a\000r\000a\000\040\000e\000n\000c\000o\000n\000t\000r\000a\000r\000\040\000e\000r\000r\000o\000s\000\040\000r\000a\000p\000i\000d\000a\000m\000e\000n\000t\000e\000\040\000e\000m\000\040\000s\000e\000u\000s\000\040\000d\000a\000d\000o\000s}{section*.137}% 128
\BOOKMARK [3][-]{section*.141}{\376\377\000E\000t\000a\000p\000a\000\040\0004\000:\000\040\000O\000b\000s\000e\000r\000v\000e\000\040\000a\000s\000\040\000i\000n\000f\000o\000r\000m\000a\000\347\000\365\000e\000s\000\040\000a\000n\000e\000x\000a\000d\000a\000s\000\040\000a\000o\000s\000\040\000p\000o\000n\000t\000o\000s\000,\000\040\000l\000i\000n\000h\000a\000s\000\040\000e\000\040\000p\000o\000l\000\355\000g\000o\000n\000o\000s}{section*.137}% 129
\BOOKMARK [3][-]{section*.147}{\376\377\000Q\000u\000i\000z}{section*.137}% 130
\BOOKMARK [2][-]{section*.148}{\376\377\000I\000n\000t\000r\000o\000d\000u\000\347\000\343\000o\000\040\000a\000o\000\040\000p\000r\000o\000c\000e\000s\000s\000a\000m\000e\000n\000t\000o\000\040\000v\000e\000t\000o\000r\000i\000a\000l}{section*.133}% 131
\BOOKMARK [3][-]{section*.149}{\376\377\000Q\000u\000i\000z}{section*.148}% 132
\BOOKMARK [2][-]{section*.150}{\376\377\000G\000e\000o\000e\000s\000t\000a\000t\000\355\000s\000t\000i\000c\000a\000\040\000e\000\040\000i\000n\000t\000e\000r\000p\000o\000l\000a\000\347\000\343\000o}{section*.133}% 133
\BOOKMARK [3][-]{section*.151}{\376\377\000Q\000u\000i\000z}{section*.150}% 134
\BOOKMARK [1][-]{section*.152}{\376\377\000P\000r\000o\000c\000e\000s\000s\000a\000m\000e\000n\000t\000o\000\040\000e\000\040\000a\000n\000\341\000l\000i\000s\000e\000\040\000r\000a\000s\000t\000e\000r}{}% 135
\BOOKMARK [2][-]{section*.153}{\376\377\000O\000\040\000m\000o\000d\000e\000l\000o\000\040\000d\000e\000\040\000d\000a\000d\000o\000s}{section*.152}% 136
\BOOKMARK [2][-]{section*.154}{\376\377\000R\000a\000c\000i\000o\000n\000a\000l\000\040\000d\000o\000\040\000p\000r\000o\000c\000e\000s\000s\000a\000m\000e\000n\000t\000o\000\040\000r\000a\000s\000t\000e\000r}{section*.152}% 137
\BOOKMARK [2][-]{section*.155}{\376\377\000E\000n\000t\000e\000n\000d\000e\000n\000d\000o\000\040\000s\000e\000u\000s\000\040\000d\000a\000d\000o\000s\000\040\000r\000a\000s\000t\000e\000r}{section*.152}% 138
\BOOKMARK [3][-]{section*.156}{\376\377\000E\000t\000a\000p\000a\000\040\0001\000:\000\040\000P\000r\000e\000p\000a\000r\000e\000\040\000s\000e\000u\000\040\000a\000m\000b\000i\000e\000n\000t\000e\000\040\000d\000e\000\040\000t\000r\000a\000b\000a\000l\000h\000o}{section*.155}% 139
\BOOKMARK [3][-]{section*.157}{\376\377\000E\000t\000a\000p\000a\000\040\0002\000:\000\040\000E\000n\000t\000e\000n\000d\000a\000\040\000o\000\040\000q\000u\000e\000\040\000v\000o\000c\000\352\000\040\000e\000s\000t\000\341\000\040\000o\000l\000h\000a\000n\000d\000o}{section*.155}% 140
\BOOKMARK [3][-]{section*.158}{\376\377\000Q\000u\000i\000z}{section*.155}% 141
\BOOKMARK [2][-]{section*.159}{\376\377\000I\000n\000t\000r\000o\000d\000u\000\347\000\343\000o\000\040\000a\000o\000\040\000t\000r\000a\000b\000a\000l\000h\000o\000\040\000c\000o\000m\000\040\000d\000a\000d\000o\000s\000\040\000r\000a\000s\000t\000e\000r}{section*.152}% 142
\BOOKMARK [3][-]{section*.160}{\376\377\000Q\000u\000i\000z}{section*.159}% 143
\BOOKMARK [2][-]{section*.161}{\376\377\000T\000r\000a\000b\000a\000l\000h\000o\000\040\000c\000o\000m\000\040\000d\000a\000d\000o\000s\000\040\000r\000a\000s\000t\000e\000r\000\040\000e\000\040\000v\000e\000t\000o\000r\000i\000a\000i\000s}{section*.152}% 144
\BOOKMARK [3][-]{section*.162}{\376\377\000Q\000u\000i\000z}{section*.161}% 145
\BOOKMARK [2][-]{section*.163}{\376\377\000R\000e\000f\000e\000r\000\352\000n\000c\000i\000a\000s}{section*.152}% 146
\BOOKMARK [2][-]{section*.164}{\376\377\000N\000o\000t\000a\000s}{section*.152}% 147
\BOOKMARK [1][-]{section*.165}{\376\377\000P\000l\000u\000g\000i\000n\000s\000\040\000Q\000G\000I\000S}{}% 148
\BOOKMARK [2][-]{section*.166}{\376\377\000I\000n\000t\000r\000o\000d\000u\000\347\000\343\000o\000\040\000\340\000\040\000m\000e\000n\000t\000a\000l\000i\000d\000a\000d\000e\000\040\000d\000o\000\040\000p\000l\000u\000g\000i\000n}{section*.165}% 149
\BOOKMARK [2][-]{section*.167}{\376\377\000O\000\040\000g\000e\000r\000e\000n\000c\000i\000a\000d\000o\000r\000\040\000d\000e\000\040\000p\000l\000u\000g\000i\000n\000s}{section*.165}% 150
\BOOKMARK [3][-]{section*.168}{\376\377\000Q\000u\000i\000z}{section*.167}% 151
\BOOKMARK [2][-]{section*.169}{\376\377\000A\000l\000g\000u\000n\000s\000\040\000p\000l\000u\000g\000i\000n\000s\000\040\000i\000n\000t\000e\000r\000e\000s\000s\000a\000n\000t\000e\000s}{section*.165}% 152
\BOOKMARK [3][-]{section*.170}{\376\377\000D\000i\000s\000c\000o\000v\000e\000r\000y}{section*.169}% 153
\BOOKMARK [3][-]{section*.171}{\376\377\000P\000o\000l\000y\000g\000o\000n\000\040\000D\000i\000v\000i\000d\000e\000r}{section*.169}% 154
\BOOKMARK [3][-]{section*.172}{\376\377\000L\000o\000a\000d\000\040\000T\000h\000e\000m\000\040\000A\000l\000l}{section*.169}% 155
\BOOKMARK [3][-]{section*.173}{\376\377\000R\000a\000s\000t\000e\000r\000\040\000t\000r\000a\000c\000e\000r}{section*.169}% 156
\BOOKMARK [3][-]{section*.174}{\376\377\000A\000c\000t\000i\000v\000e\000\040\000F\000i\000r\000e}{section*.169}% 157
\BOOKMARK [3][-]{section*.175}{\376\377\000Q\000g\000i\000s\0002\000w\000e\000b}{section*.169}% 158
\BOOKMARK [3][-]{section*.176}{\376\377\000D\000a\000t\000a\000P\000l\000o\000t\000l\000y}{section*.169}% 159
\BOOKMARK [3][-]{section*.177}{\376\377\000P\000l\000u\000g\000i\000n\000\040\000Q\000u\000i\000c\000k\000M\000a\000p\000S\000e\000r\000v\000i\000c\000e\000s\000\040\000/\000\040\000O\000p\000e\000n\000L\000a\000y\000e\000r\000s}{section*.169}% 160
\BOOKMARK [3][-]{section*.178}{\376\377\000T\000a\000b\000l\000e\0002\000S\000t\000y\000l\000e}{section*.169}% 161
\BOOKMARK [3][-]{section*.179}{\376\377\000O\000R\000S\000\040\000T\000o\000o\000l\000s}{section*.169}% 162
\BOOKMARK [3][-]{section*.180}{\376\377\000Q\000u\000i\000z}{section*.169}% 163
